<?xml version="1.0" encoding="UTF-8"?>
<!-- Generated by org.testng.reporters.JUnitReportReporter -->
<testsuite skipped="0" hostname="STUDENT14" name="test.test.theDemoSite" tests="2" failures="0" timestamp="10 Jan 2018 15:06:25 GMT" time="36.695" errors="0">
  <testcase name="chromeTest" time="17.851" classname="test.test.theDemoSite"/>
  <testcase name="fireFoxTest" time="18.844" classname="test.test.theDemoSite"/>
</testsuite> <!-- test.test.theDemoSite -->
